1520309190835:help
1520309195147:projects
1520309208895:stacktrace
1520309501479:projects
1520310183916:stacktrace
1520310413849:projects
1520310440015:deleteProject 2179394172
1520310447087:deleteProject
1520310454565:help
1520310459354:delete-project 2179394172
1520310586451:projects
1520310597059:delete-project 2179394247
1520310600901:projects
1520311293448:help
1520311297975:add-task
1520311659451:add-task "Hello World"
1520311710964:help
1520311716882:add-task "Hello World"
1520311737892:add-task --help
1520311748645:add-task "asdjfkl"
1520311752876:stacktrace
1520311802493:add-task "Hello, World"
1520311847634:projects
1520311864890:current-project 2162503435
1520311874101:add-task "Do work"
1520312306506:tasks
1520312318384:help
1520312326660:help add-task
1520312549805:task
1520312551862:tasks
1520312557035:projects
1520312577352:current-project 2162503435
1520312579899:tasks
1520363735793:help
1520363766998:hi
1520363824665:asdf
1520363830081:stacktrace
1520363871608:asdf
1520364826535:asdfjklfsa
